2018-06-27 12:52:54.4331 | INFO | MVCPlusWCF.MvcApplication | Application Start
2018-06-27 12:54:25.2962 | INFO | MVCPlusWCF.MvcApplication | Application Start
2018-06-27 14:59:28.6464 | INFO | MVCPlusWCF.MvcApplication | Application Start
2018-06-27 14:59:38.4570 | INFO | MVCPlusWCF.MvcApplication | Application Start
2018-06-27 14:59:38.7480 | INFO | MVCPlusWCF.MvcApplication | Application Error
2018-06-27 14:59:59.5282 | INFO | MVCPlusWCF.MvcApplication | Application End
2018-06-27 15:02:10.4787 | INFO | MVCPlusWCF.MvcApplication | Application Start
2018-06-27 15:02:22.3324 | INFO | MVCPlusWCF.MvcApplication | Выход пользователя
2018-06-27 15:02:32.6509 | INFO | MVCPlusWCF.MvcApplication | Выход пользователя
2018-06-27 15:03:09.7691 | INFO | MVCPlusWCF.MvcApplication | Application Error
2018-06-27 15:03:19.0046 | INFO | MVCPlusWCF.MvcApplication | Application Error
2018-06-27 15:03:26.4460 | INFO | MVCPlusWCF.MvcApplication | Application Error
2018-06-27 15:04:15.4298 | INFO | MVCPlusWCF.MvcApplication | Application Start
2018-06-27 15:04:20.1951 | INFO | MVCPlusWCF.MvcApplication | Выход пользователя
2018-06-27 15:05:00.5194 | INFO | MVCPlusWCF.MvcApplication | Application Error
2018-06-27 15:05:05.1977 | INFO | MVCPlusWCF.MvcApplication | Application Error
2018-06-27 15:09:11.2007 | INFO | MVCPlusWCF.MvcApplication | Application Start
2018-06-27 15:09:14.9990 | INFO | MVCPlusWCF.MvcApplication | Application End
2018-06-27 15:09:18.7612 | INFO | MVCPlusWCF.MvcApplication | Application Start
2018-06-27 15:09:19.0752 | INFO | MVCPlusWCF.MvcApplication | Application Error
2018-06-27 15:09:57.3584 | INFO | MVCPlusWCF.MvcApplication | Application Start
2018-06-27 15:10:32.1294 | INFO | MVCPlusWCF.MvcApplication | Application Start
2018-06-27 15:10:47.9913 | INFO | MVCPlusWCF.MvcApplication | Application Error
2018-06-27 15:11:23.9653 | INFO | MVCPlusWCF.MvcApplication | Application Error
2018-06-27 15:14:37.9724 | INFO | MVCPlusWCF.MvcApplication | Application Start
2018-06-27 15:14:47.5680 | INFO | MVCPlusWCF.MvcApplication | Application Start
2018-06-27 15:14:47.8890 | INFO | MVCPlusWCF.MvcApplication | Application Error
2018-06-27 15:15:04.0479 | INFO | MVCPlusWCF.MvcApplication | Application Error
2018-06-27 15:15:08.8552 | INFO | MVCPlusWCF.MvcApplication | Application End
2018-06-27 15:15:10.9713 | INFO | MVCPlusWCF.MvcApplication | Application Error
2018-06-27 15:16:32.3260 | INFO | MVCPlusWCF.MvcApplication | Application Start
2018-06-27 15:16:43.9576 | ERROR | MVCPlusWCF.MvcApplication | Ошибка пользователя/пароля
2018-06-27 15:16:58.0574 | INFO | MVCPlusWCF.MvcApplication | Application Error
2018-06-27 15:21:12.9110 | INFO | MVCPlusWCF.MvcApplication | Application Start
2018-06-27 15:21:39.0315 | INFO | MVCPlusWCF.MvcApplication | Application Error
2018-06-27 15:24:32.1754 | INFO | MVCPlusWCF.MvcApplication | Application Start
2018-06-27 15:24:42.5340 | INFO | MVCPlusWCF.MvcApplication | Application Error
2018-06-27 15:24:48.8664 | INFO | MVCPlusWCF.MvcApplication | Application Error
2018-06-27 15:33:23.2478 | INFO | MVCPlusWCF.MvcApplication | Application Start
2018-06-27 15:33:55.4836 | INFO | MVCPlusWCF.MvcApplication | Application Error
2018-06-27 16:05:57.5876 | INFO | MVCPlusWCF.MvcApplication | Application Start
2018-06-27 16:06:39.4550 | INFO | MVCPlusWCF.MvcApplication | Application Error
2018-06-27 16:07:51.4591 | INFO | MVCPlusWCF.MvcApplication | Application Error
2018-06-27 16:08:00.5816 | INFO | MVCPlusWCF.MvcApplication | Application Error
2018-06-27 16:09:28.7987 | INFO | MVCPlusWCF.MvcApplication | Application Start
2018-06-27 16:14:00.6622 | INFO | MVCPlusWCF.MvcApplication | Application Start
2018-06-27 16:16:30.3318 | INFO | MVCPlusWCF.MvcApplication | Application Start
2018-06-27 16:19:47.9821 | INFO | MVCPlusWCF.MvcApplication | Application Start
2018-06-27 16:23:56.4523 | INFO | MVCPlusWCF.MvcApplication | Application Start
2018-06-27 16:25:27.0415 | INFO | MVCPlusWCF.MvcApplication | Application Start
2018-06-27 16:26:50.8103 | INFO | MVCPlusWCF.MvcApplication | Выход пользователя
2018-06-27 16:27:00.2468 | INFO | MVCPlusWCF.MvcApplication | Выход пользователя
